<?xml version="1.0" encoding="UTF-8"?>
<!-- Generated by org.testng.reporters.JUnitXMLReporter -->
<testsuite hostname="D1111" ignored="0" name="Default test" tests="8" failures="0" timestamp="2020-08-25T17:33:14 ICT" time="126.841" errors="0">
  <testcase name="LoginWithBlankField" time="5.029" classname="tests.LoginTest"/>
  <testcase name="LoginWithEmailInCorrect" time="5.463" classname="tests.LoginTest"/>
  <testcase name="LoginWithEmailInvalid" time="4.792" classname="tests.LoginTest"/>
  <testcase name="LoginWithPassEmpty" time="4.952" classname="tests.LoginTest"/>
  <testcase name="LoginWithPassInCorrect" time="5.13" classname="tests.LoginTest"/>
  <testcase name="LoginWithPassInvalid" time="5.342" classname="tests.LoginTest"/>
  <testcase name="loginWithCorrect" time="7.369" classname="tests.LoginTest"/>
  <testcase name="loginWithEmailEmpty" time="4.754" classname="tests.LoginTest"/>
</testsuite> <!-- Default test -->
